<?xml version="1.0" encoding="utf-8"?><testsuites name="pytest tests"><testsuite name="pytest" errors="0" failures="0" skipped="0" tests="25" time="8.381" timestamp="2026-02-13T20:22:54.362717+00:00" hostname="agent-env-1a3498dd-1227-48d1-9b12-b73aee91623b"><testcase classname="tests.test_api_comprehensive.TestHealth" name="test_health_check" time="0.298" /><testcase classname="tests.test_api_comprehensive.TestSeed" name="test_seed_data" time="0.077" /><testcase classname="tests.test_api_comprehensive.TestAuth" name="test_register_new_user" time="0.294" /><testcase classname="tests.test_api_comprehensive.TestAuth" name="test_login_demo_user" time="0.301" /><testcase classname="tests.test_api_comprehensive.TestAuth" name="test_login_admin_user" time="0.329" /><testcase classname="tests.test_api_comprehensive.TestAuth" name="test_login_invalid_credentials" time="0.370" /><testcase classname="tests.test_api_comprehensive.TestAuth" name="test_get_me_authenticated" time="0.487" /><testcase classname="tests.test_api_comprehensive.TestAuth" name="test_get_me_unauthenticated" time="0.074" /><testcase classname="tests.test_api_comprehensive.TestExpos" name="test_get_expos" time="0.099" /><testcase classname="tests.test_api_comprehensive.TestExpos" name="test_create_expo_authenticated" time="0.158" /><testcase classname="tests.test_api_comprehensive.TestExhibitors" name="test_get_exhibitors_all" time="0.096" /><testcase classname="tests.test_api_comprehensive.TestExhibitors" name="test_get_exhibitors_by_expo" time="0.141" /><testcase classname="tests.test_api_comprehensive.TestExhibitors" name="test_get_exhibitor_by_id" time="0.166" /><testcase classname="tests.test_api_comprehensive.TestExhibitors" name="test_get_exhibitor_not_found" time="0.088" /><testcase classname="tests.test_api_comprehensive.TestExhibitors" name="test_get_filter_options" time="1.508" /><testcase classname="tests.test_api_comprehensive.TestShortlists" name="test_create_shortlist" time="0.429" /><testcase classname="tests.test_api_comprehensive.TestShortlists" name="test_get_shortlists" time="0.066" /><testcase classname="tests.test_api_comprehensive.TestShortlists" name="test_add_to_shortlist" time="0.380" /><testcase classname="tests.test_api_comprehensive.TestShortlists" name="test_remove_from_shortlist" time="0.340" /><testcase classname="tests.test_api_comprehensive.TestShortlists" name="test_delete_shortlist" time="0.735" /><testcase classname="tests.test_api_comprehensive.TestExpoDays" name="test_create_expoday" time="0.421" /><testcase classname="tests.test_api_comprehensive.TestExpoDays" name="test_add_meeting_to_expoday" time="0.412" /><testcase classname="tests.test_api_comprehensive.TestExpoDays" name="test_checkin_meeting" time="0.448" /><testcase classname="tests.test_api_comprehensive.TestExpoDays" name="test_get_expodays" time="0.152" /><testcase classname="tests.test_api_comprehensive.TestAdmin" name="test_get_users" time="0.416" /></testsuite></testsuites>