<?xml version="1.0" encoding="utf-8"?><testsuites name="pytest tests"><testsuite name="pytest" errors="0" failures="1" skipped="0" tests="22" time="3.827" timestamp="2026-02-21T08:47:06.843859+00:00" hostname="agent-env-1a3498dd-1227-48d1-9b12-b73aee91623b"><testcase classname="tests.test_expointel_rebuild.TestHealthAndSeed" name="test_health_check" time="0.254" /><testcase classname="tests.test_expointel_rebuild.TestAuth" name="test_login_demo_user" time="0.306" /><testcase classname="tests.test_expointel_rebuild.TestAuth" name="test_login_invalid_credentials" time="0.284" /><testcase classname="tests.test_expointel_rebuild.TestAuth" name="test_get_me_authenticated" time="0.332" /><testcase classname="tests.test_expointel_rebuild.TestExpos" name="test_get_expos" time="0.065" /><testcase classname="tests.test_expointel_rebuild.TestExpos" name="test_get_expo_by_id" time="0.121" /><testcase classname="tests.test_expointel_rebuild.TestExpos" name="test_get_expo_filters" time="0.055" /><testcase classname="tests.test_expointel_rebuild.TestCompanies" name="test_get_companies_by_expo" time="0.383" /><testcase classname="tests.test_expointel_rebuild.TestCompanies" name="test_get_company_by_id" time="0.191" /><testcase classname="tests.test_expointel_rebuild.TestCompanies" name="test_get_company_filter_options" time="0.064" /><testcase classname="tests.test_expointel_rebuild.TestCompanies" name="test_update_company_stage" time="0.193"><failure message="assert 422 == 200&#10; +  where 422 = &lt;Response [422]&gt;.status_code">tests/test_expointel_rebuild.py:219: in test_update_company_stage
    assert response.status_code == 200
E   assert 422 == 200
E    +  where 422 = &lt;Response [422]&gt;.status_code</failure></testcase><testcase classname="tests.test_expointel_rebuild.TestShortlists" name="test_create_shortlist" time="0.196" /><testcase classname="tests.test_expointel_rebuild.TestShortlists" name="test_get_shortlists_by_stage" time="0.065" /><testcase classname="tests.test_expointel_rebuild.TestShortlists" name="test_update_shortlist_notes" time="0.119" /><testcase classname="tests.test_expointel_rebuild.TestShortlists" name="test_delete_shortlist" time="0.232" /><testcase classname="tests.test_expointel_rebuild.TestNetworks" name="test_create_network" time="0.177" /><testcase classname="tests.test_expointel_rebuild.TestNetworks" name="test_get_networks" time="0.062" /><testcase classname="tests.test_expointel_rebuild.TestNetworks" name="test_update_network" time="0.115" /><testcase classname="tests.test_expointel_rebuild.TestExpoDays" name="test_create_expo_day" time="0.186" /><testcase classname="tests.test_expointel_rebuild.TestExpoDays" name="test_get_expo_days" time="0.062" /><testcase classname="tests.test_expointel_rebuild.TestExpoDays" name="test_update_expo_day_status" time="0.117" /><testcase classname="tests.test_expointel_rebuild.TestExport" name="test_export_shortlists" time="0.060" /></testsuite></testsuites>