<?xml version="1.0" encoding="utf-8"?><testsuites name="pytest tests"><testsuite name="pytest" errors="0" failures="13" skipped="12" tests="25" time="0.575" timestamp="2026-02-13T20:22:38.538485+00:00" hostname="agent-env-1a3498dd-1227-48d1-9b12-b73aee91623b"><testcase classname="tests.test_api_comprehensive.TestHealth" name="test_health_check" time="0.002"><failure message="requests.exceptions.MissingSchema: Invalid URL 'None/api/health': No scheme supplied. Perhaps you meant https://None/api/health?">tests/test_api_comprehensive.py:67: in test_health_check
    response = api_client.get(f"{BASE_URL}/api/health")
               ^^^^^^^^^^^^^^^^^^^^^^^^^^^^^^^^^^^^^^^^
/root/.venv/lib/python3.11/site-packages/requests/sessions.py:602: in get
    return self.request("GET", url, **kwargs)
           ^^^^^^^^^^^^^^^^^^^^^^^^^^^^^^^^^^
/root/.venv/lib/python3.11/site-packages/requests/sessions.py:575: in request
    prep = self.prepare_request(req)
           ^^^^^^^^^^^^^^^^^^^^^^^^^
/root/.venv/lib/python3.11/site-packages/requests/sessions.py:484: in prepare_request
    p.prepare(
/root/.venv/lib/python3.11/site-packages/requests/models.py:367: in prepare
    self.prepare_url(url, params)
/root/.venv/lib/python3.11/site-packages/requests/models.py:438: in prepare_url
    raise MissingSchema(
E   requests.exceptions.MissingSchema: Invalid URL 'None/api/health': No scheme supplied. Perhaps you meant https://None/api/health?</failure></testcase><testcase classname="tests.test_api_comprehensive.TestSeed" name="test_seed_data" time="0.001"><failure message="requests.exceptions.MissingSchema: Invalid URL 'None/api/seed': No scheme supplied. Perhaps you meant https://None/api/seed?">tests/test_api_comprehensive.py:79: in test_seed_data
    response = api_client.post(f"{BASE_URL}/api/seed")
               ^^^^^^^^^^^^^^^^^^^^^^^^^^^^^^^^^^^^^^^
/root/.venv/lib/python3.11/site-packages/requests/sessions.py:637: in post
    return self.request("POST", url, data=data, json=json, **kwargs)
           ^^^^^^^^^^^^^^^^^^^^^^^^^^^^^^^^^^^^^^^^^^^^^^^^^^^^^^^^^
/root/.venv/lib/python3.11/site-packages/requests/sessions.py:575: in request
    prep = self.prepare_request(req)
           ^^^^^^^^^^^^^^^^^^^^^^^^^
/root/.venv/lib/python3.11/site-packages/requests/sessions.py:484: in prepare_request
    p.prepare(
/root/.venv/lib/python3.11/site-packages/requests/models.py:367: in prepare
    self.prepare_url(url, params)
/root/.venv/lib/python3.11/site-packages/requests/models.py:438: in prepare_url
    raise MissingSchema(
E   requests.exceptions.MissingSchema: Invalid URL 'None/api/seed': No scheme supplied. Perhaps you meant https://None/api/seed?</failure></testcase><testcase classname="tests.test_api_comprehensive.TestAuth" name="test_register_new_user" time="0.000"><failure message="requests.exceptions.MissingSchema: Invalid URL 'None/api/auth/register': No scheme supplied. Perhaps you meant https://None/api/auth/register?">tests/test_api_comprehensive.py:93: in test_register_new_user
    response = api_client.post(f"{BASE_URL}/api/auth/register", json={
/root/.venv/lib/python3.11/site-packages/requests/sessions.py:637: in post
    return self.request("POST", url, data=data, json=json, **kwargs)
           ^^^^^^^^^^^^^^^^^^^^^^^^^^^^^^^^^^^^^^^^^^^^^^^^^^^^^^^^^
/root/.venv/lib/python3.11/site-packages/requests/sessions.py:575: in request
    prep = self.prepare_request(req)
           ^^^^^^^^^^^^^^^^^^^^^^^^^
/root/.venv/lib/python3.11/site-packages/requests/sessions.py:484: in prepare_request
    p.prepare(
/root/.venv/lib/python3.11/site-packages/requests/models.py:367: in prepare
    self.prepare_url(url, params)
/root/.venv/lib/python3.11/site-packages/requests/models.py:438: in prepare_url
    raise MissingSchema(
E   requests.exceptions.MissingSchema: Invalid URL 'None/api/auth/register': No scheme supplied. Perhaps you meant https://None/api/auth/register?</failure></testcase><testcase classname="tests.test_api_comprehensive.TestAuth" name="test_login_demo_user" time="0.000"><failure message="requests.exceptions.MissingSchema: Invalid URL 'None/api/auth/login': No scheme supplied. Perhaps you meant https://None/api/auth/login?">tests/test_api_comprehensive.py:108: in test_login_demo_user
    response = api_client.post(f"{BASE_URL}/api/auth/login", json={
/root/.venv/lib/python3.11/site-packages/requests/sessions.py:637: in post
    return self.request("POST", url, data=data, json=json, **kwargs)
           ^^^^^^^^^^^^^^^^^^^^^^^^^^^^^^^^^^^^^^^^^^^^^^^^^^^^^^^^^
/root/.venv/lib/python3.11/site-packages/requests/sessions.py:575: in request
    prep = self.prepare_request(req)
           ^^^^^^^^^^^^^^^^^^^^^^^^^
/root/.venv/lib/python3.11/site-packages/requests/sessions.py:484: in prepare_request
    p.prepare(
/root/.venv/lib/python3.11/site-packages/requests/models.py:367: in prepare
    self.prepare_url(url, params)
/root/.venv/lib/python3.11/site-packages/requests/models.py:438: in prepare_url
    raise MissingSchema(
E   requests.exceptions.MissingSchema: Invalid URL 'None/api/auth/login': No scheme supplied. Perhaps you meant https://None/api/auth/login?</failure></testcase><testcase classname="tests.test_api_comprehensive.TestAuth" name="test_login_admin_user" time="0.000"><failure message="requests.exceptions.MissingSchema: Invalid URL 'None/api/auth/login': No scheme supplied. Perhaps you meant https://None/api/auth/login?">tests/test_api_comprehensive.py:121: in test_login_admin_user
    response = api_client.post(f"{BASE_URL}/api/auth/login", json={
/root/.venv/lib/python3.11/site-packages/requests/sessions.py:637: in post
    return self.request("POST", url, data=data, json=json, **kwargs)
           ^^^^^^^^^^^^^^^^^^^^^^^^^^^^^^^^^^^^^^^^^^^^^^^^^^^^^^^^^
/root/.venv/lib/python3.11/site-packages/requests/sessions.py:575: in request
    prep = self.prepare_request(req)
           ^^^^^^^^^^^^^^^^^^^^^^^^^
/root/.venv/lib/python3.11/site-packages/requests/sessions.py:484: in prepare_request
    p.prepare(
/root/.venv/lib/python3.11/site-packages/requests/models.py:367: in prepare
    self.prepare_url(url, params)
/root/.venv/lib/python3.11/site-packages/requests/models.py:438: in prepare_url
    raise MissingSchema(
E   requests.exceptions.MissingSchema: Invalid URL 'None/api/auth/login': No scheme supplied. Perhaps you meant https://None/api/auth/login?</failure></testcase><testcase classname="tests.test_api_comprehensive.TestAuth" name="test_login_invalid_credentials" time="0.001"><failure message="requests.exceptions.MissingSchema: Invalid URL 'None/api/auth/login': No scheme supplied. Perhaps you meant https://None/api/auth/login?">tests/test_api_comprehensive.py:133: in test_login_invalid_credentials
    response = api_client.post(f"{BASE_URL}/api/auth/login", json={
/root/.venv/lib/python3.11/site-packages/requests/sessions.py:637: in post
    return self.request("POST", url, data=data, json=json, **kwargs)
           ^^^^^^^^^^^^^^^^^^^^^^^^^^^^^^^^^^^^^^^^^^^^^^^^^^^^^^^^^
/root/.venv/lib/python3.11/site-packages/requests/sessions.py:575: in request
    prep = self.prepare_request(req)
           ^^^^^^^^^^^^^^^^^^^^^^^^^
/root/.venv/lib/python3.11/site-packages/requests/sessions.py:484: in prepare_request
    p.prepare(
/root/.venv/lib/python3.11/site-packages/requests/models.py:367: in prepare
    self.prepare_url(url, params)
/root/.venv/lib/python3.11/site-packages/requests/models.py:438: in prepare_url
    raise MissingSchema(
E   requests.exceptions.MissingSchema: Invalid URL 'None/api/auth/login': No scheme supplied. Perhaps you meant https://None/api/auth/login?</failure></testcase><testcase classname="tests.test_api_comprehensive.TestAuth" name="test_get_me_authenticated" time="0.001"><skipped type="pytest.skip" message="Demo user token not available">/app/backend/tests/test_api_comprehensive.py:143: Demo user token not available</skipped></testcase><testcase classname="tests.test_api_comprehensive.TestAuth" name="test_get_me_unauthenticated" time="0.000"><failure message="requests.exceptions.MissingSchema: Invalid URL 'None/api/auth/me': No scheme supplied. Perhaps you meant https://None/api/auth/me?">tests/test_api_comprehensive.py:153: in test_get_me_unauthenticated
    response = api_client.get(f"{BASE_URL}/api/auth/me")
               ^^^^^^^^^^^^^^^^^^^^^^^^^^^^^^^^^^^^^^^^^
/root/.venv/lib/python3.11/site-packages/requests/sessions.py:602: in get
    return self.request("GET", url, **kwargs)
           ^^^^^^^^^^^^^^^^^^^^^^^^^^^^^^^^^^
/root/.venv/lib/python3.11/site-packages/requests/sessions.py:575: in request
    prep = self.prepare_request(req)
           ^^^^^^^^^^^^^^^^^^^^^^^^^
/root/.venv/lib/python3.11/site-packages/requests/sessions.py:484: in prepare_request
    p.prepare(
/root/.venv/lib/python3.11/site-packages/requests/models.py:367: in prepare
    self.prepare_url(url, params)
/root/.venv/lib/python3.11/site-packages/requests/models.py:438: in prepare_url
    raise MissingSchema(
E   requests.exceptions.MissingSchema: Invalid URL 'None/api/auth/me': No scheme supplied. Perhaps you meant https://None/api/auth/me?</failure></testcase><testcase classname="tests.test_api_comprehensive.TestExpos" name="test_get_expos" time="0.000"><failure message="requests.exceptions.MissingSchema: Invalid URL 'None/api/expos': No scheme supplied. Perhaps you meant https://None/api/expos?">tests/test_api_comprehensive.py:164: in test_get_expos
    response = api_client.get(f"{BASE_URL}/api/expos")
               ^^^^^^^^^^^^^^^^^^^^^^^^^^^^^^^^^^^^^^^
/root/.venv/lib/python3.11/site-packages/requests/sessions.py:602: in get
    return self.request("GET", url, **kwargs)
           ^^^^^^^^^^^^^^^^^^^^^^^^^^^^^^^^^^
/root/.venv/lib/python3.11/site-packages/requests/sessions.py:575: in request
    prep = self.prepare_request(req)
           ^^^^^^^^^^^^^^^^^^^^^^^^^
/root/.venv/lib/python3.11/site-packages/requests/sessions.py:484: in prepare_request
    p.prepare(
/root/.venv/lib/python3.11/site-packages/requests/models.py:367: in prepare
    self.prepare_url(url, params)
/root/.venv/lib/python3.11/site-packages/requests/models.py:438: in prepare_url
    raise MissingSchema(
E   requests.exceptions.MissingSchema: Invalid URL 'None/api/expos': No scheme supplied. Perhaps you meant https://None/api/expos?</failure></testcase><testcase classname="tests.test_api_comprehensive.TestExpos" name="test_create_expo_authenticated" time="0.000"><skipped type="pytest.skip" message="Demo user token not available">/app/backend/tests/test_api_comprehensive.py:174: Demo user token not available</skipped></testcase><testcase classname="tests.test_api_comprehensive.TestExhibitors" name="test_get_exhibitors_all" time="0.000"><failure message="requests.exceptions.MissingSchema: Invalid URL 'None/api/exhibitors': No scheme supplied. Perhaps you meant https://None/api/exhibitors?">tests/test_api_comprehensive.py:196: in test_get_exhibitors_all
    response = api_client.get(f"{BASE_URL}/api/exhibitors")
               ^^^^^^^^^^^^^^^^^^^^^^^^^^^^^^^^^^^^^^^^^^^^
/root/.venv/lib/python3.11/site-packages/requests/sessions.py:602: in get
    return self.request("GET", url, **kwargs)
           ^^^^^^^^^^^^^^^^^^^^^^^^^^^^^^^^^^
/root/.venv/lib/python3.11/site-packages/requests/sessions.py:575: in request
    prep = self.prepare_request(req)
           ^^^^^^^^^^^^^^^^^^^^^^^^^
/root/.venv/lib/python3.11/site-packages/requests/sessions.py:484: in prepare_request
    p.prepare(
/root/.venv/lib/python3.11/site-packages/requests/models.py:367: in prepare
    self.prepare_url(url, params)
/root/.venv/lib/python3.11/site-packages/requests/models.py:438: in prepare_url
    raise MissingSchema(
E   requests.exceptions.MissingSchema: Invalid URL 'None/api/exhibitors': No scheme supplied. Perhaps you meant https://None/api/exhibitors?</failure></testcase><testcase classname="tests.test_api_comprehensive.TestExhibitors" name="test_get_exhibitors_by_expo" time="0.000"><failure message="requests.exceptions.MissingSchema: Invalid URL 'None/api/expos': No scheme supplied. Perhaps you meant https://None/api/expos?">tests/test_api_comprehensive.py:206: in test_get_exhibitors_by_expo
    expos = api_client.get(f"{BASE_URL}/api/expos").json()
            ^^^^^^^^^^^^^^^^^^^^^^^^^^^^^^^^^^^^^^^
/root/.venv/lib/python3.11/site-packages/requests/sessions.py:602: in get
    return self.request("GET", url, **kwargs)
           ^^^^^^^^^^^^^^^^^^^^^^^^^^^^^^^^^^
/root/.venv/lib/python3.11/site-packages/requests/sessions.py:575: in request
    prep = self.prepare_request(req)
           ^^^^^^^^^^^^^^^^^^^^^^^^^
/root/.venv/lib/python3.11/site-packages/requests/sessions.py:484: in prepare_request
    p.prepare(
/root/.venv/lib/python3.11/site-packages/requests/models.py:367: in prepare
    self.prepare_url(url, params)
/root/.venv/lib/python3.11/site-packages/requests/models.py:438: in prepare_url
    raise MissingSchema(
E   requests.exceptions.MissingSchema: Invalid URL 'None/api/expos': No scheme supplied. Perhaps you meant https://None/api/expos?</failure></testcase><testcase classname="tests.test_api_comprehensive.TestExhibitors" name="test_get_exhibitor_by_id" time="0.000"><failure message="requests.exceptions.MissingSchema: Invalid URL 'None/api/exhibitors': No scheme supplied. Perhaps you meant https://None/api/exhibitors?">tests/test_api_comprehensive.py:221: in test_get_exhibitor_by_id
    exhibitors = api_client.get(f"{BASE_URL}/api/exhibitors").json()
                 ^^^^^^^^^^^^^^^^^^^^^^^^^^^^^^^^^^^^^^^^^^^^
/root/.venv/lib/python3.11/site-packages/requests/sessions.py:602: in get
    return self.request("GET", url, **kwargs)
           ^^^^^^^^^^^^^^^^^^^^^^^^^^^^^^^^^^
/root/.venv/lib/python3.11/site-packages/requests/sessions.py:575: in request
    prep = self.prepare_request(req)
           ^^^^^^^^^^^^^^^^^^^^^^^^^
/root/.venv/lib/python3.11/site-packages/requests/sessions.py:484: in prepare_request
    p.prepare(
/root/.venv/lib/python3.11/site-packages/requests/models.py:367: in prepare
    self.prepare_url(url, params)
/root/.venv/lib/python3.11/site-packages/requests/models.py:438: in prepare_url
    raise MissingSchema(
E   requests.exceptions.MissingSchema: Invalid URL 'None/api/exhibitors': No scheme supplied. Perhaps you meant https://None/api/exhibitors?</failure></testcase><testcase classname="tests.test_api_comprehensive.TestExhibitors" name="test_get_exhibitor_not_found" time="0.000"><failure message="requests.exceptions.MissingSchema: Invalid URL 'None/api/exhibitors/nonexistent-id-12345': No scheme supplied. Perhaps you meant https://None/api/exhibitors/nonexistent-id-12345?">tests/test_api_comprehensive.py:237: in test_get_exhibitor_not_found
    response = api_client.get(f"{BASE_URL}/api/exhibitors/nonexistent-id-12345")
               ^^^^^^^^^^^^^^^^^^^^^^^^^^^^^^^^^^^^^^^^^^^^^^^^^^^^^^^^^^^^^^^^^
/root/.venv/lib/python3.11/site-packages/requests/sessions.py:602: in get
    return self.request("GET", url, **kwargs)
           ^^^^^^^^^^^^^^^^^^^^^^^^^^^^^^^^^^
/root/.venv/lib/python3.11/site-packages/requests/sessions.py:575: in request
    prep = self.prepare_request(req)
           ^^^^^^^^^^^^^^^^^^^^^^^^^
/root/.venv/lib/python3.11/site-packages/requests/sessions.py:484: in prepare_request
    p.prepare(
/root/.venv/lib/python3.11/site-packages/requests/models.py:367: in prepare
    self.prepare_url(url, params)
/root/.venv/lib/python3.11/site-packages/requests/models.py:438: in prepare_url
    raise MissingSchema(
E   requests.exceptions.MissingSchema: Invalid URL 'None/api/exhibitors/nonexistent-id-12345': No scheme supplied. Perhaps you meant https://None/api/exhibitors/nonexistent-id-12345?</failure></testcase><testcase classname="tests.test_api_comprehensive.TestExhibitors" name="test_get_filter_options" time="0.000"><failure message="requests.exceptions.MissingSchema: Invalid URL 'None/api/exhibitors/filters/options': No scheme supplied. Perhaps you meant https://None/api/exhibitors/filters/options?">tests/test_api_comprehensive.py:243: in test_get_filter_options
    response = api_client.get(f"{BASE_URL}/api/exhibitors/filters/options")
               ^^^^^^^^^^^^^^^^^^^^^^^^^^^^^^^^^^^^^^^^^^^^^^^^^^^^^^^^^^^^
/root/.venv/lib/python3.11/site-packages/requests/sessions.py:602: in get
    return self.request("GET", url, **kwargs)
           ^^^^^^^^^^^^^^^^^^^^^^^^^^^^^^^^^^
/root/.venv/lib/python3.11/site-packages/requests/sessions.py:575: in request
    prep = self.prepare_request(req)
           ^^^^^^^^^^^^^^^^^^^^^^^^^
/root/.venv/lib/python3.11/site-packages/requests/sessions.py:484: in prepare_request
    p.prepare(
/root/.venv/lib/python3.11/site-packages/requests/models.py:367: in prepare
    self.prepare_url(url, params)
/root/.venv/lib/python3.11/site-packages/requests/models.py:438: in prepare_url
    raise MissingSchema(
E   requests.exceptions.MissingSchema: Invalid URL 'None/api/exhibitors/filters/options': No scheme supplied. Perhaps you meant https://None/api/exhibitors/filters/options?</failure></testcase><testcase classname="tests.test_api_comprehensive.TestShortlists" name="test_create_shortlist" time="0.000"><skipped type="pytest.skip" message="Demo user token not available">/app/backend/tests/test_api_comprehensive.py:260: Demo user token not available</skipped></testcase><testcase classname="tests.test_api_comprehensive.TestShortlists" name="test_get_shortlists" time="0.000"><skipped type="pytest.skip" message="Demo user token not available">/app/backend/tests/test_api_comprehensive.py:282: Demo user token not available</skipped></testcase><testcase classname="tests.test_api_comprehensive.TestShortlists" name="test_add_to_shortlist" time="0.000"><skipped type="pytest.skip" message="Demo user token not available">/app/backend/tests/test_api_comprehensive.py:293: Demo user token not available</skipped></testcase><testcase classname="tests.test_api_comprehensive.TestShortlists" name="test_remove_from_shortlist" time="0.000"><skipped type="pytest.skip" message="Demo user token not available">/app/backend/tests/test_api_comprehensive.py:329: Demo user token not available</skipped></testcase><testcase classname="tests.test_api_comprehensive.TestShortlists" name="test_delete_shortlist" time="0.000"><skipped type="pytest.skip" message="Demo user token not available">/app/backend/tests/test_api_comprehensive.py:362: Demo user token not available</skipped></testcase><testcase classname="tests.test_api_comprehensive.TestExpoDays" name="test_create_expoday" time="0.000"><skipped type="pytest.skip" message="Demo user token not available">/app/backend/tests/test_api_comprehensive.py:392: Demo user token not available</skipped></testcase><testcase classname="tests.test_api_comprehensive.TestExpoDays" name="test_add_meeting_to_expoday" time="0.000"><skipped type="pytest.skip" message="Demo user token not available">/app/backend/tests/test_api_comprehensive.py:413: Demo user token not available</skipped></testcase><testcase classname="tests.test_api_comprehensive.TestExpoDays" name="test_checkin_meeting" time="0.000"><skipped type="pytest.skip" message="Demo user token not available">/app/backend/tests/test_api_comprehensive.py:456: Demo user token not available</skipped></testcase><testcase classname="tests.test_api_comprehensive.TestExpoDays" name="test_get_expodays" time="0.000"><skipped type="pytest.skip" message="Demo user token not available">/app/backend/tests/test_api_comprehensive.py:493: Demo user token not available</skipped></testcase><testcase classname="tests.test_api_comprehensive.TestAdmin" name="test_get_users" time="0.000"><skipped type="pytest.skip" message="Admin token not available">/app/backend/tests/test_api_comprehensive.py:509: Admin token not available</skipped></testcase></testsuite></testsuites>